<?xml version="1.0" encoding="UTF-8"?>
<testng-results ignored="0" total="1" passed="1" failed="0" skipped="0">
  <reporter-output>
  </reporter-output>
  <suite started-at="2021-05-23T22:17:06 IST" name="Default suite" finished-at="2021-05-23T22:17:53 IST" duration-ms="47705">
    <groups>
    </groups>
    <test started-at="2021-05-23T22:17:06 IST" name="Default test" finished-at="2021-05-23T22:17:53 IST" duration-ms="47705">
      <class name="testcases.bewakoofsitetesting2">
        <test-method is-config="true" signature="beforeMethod()[pri:0, instance:testcases.bewakoofsitetesting2@7c214cc0]" started-at="2021-05-23T22:17:06 IST" name="beforeMethod" finished-at="2021-05-23T22:17:50 IST" duration-ms="43937" status="PASS">
          <reporter-output>
          </reporter-output>
        </test-method> <!-- beforeMethod -->
        <test-method signature="DefaultTest()[pri:0, instance:testcases.bewakoofsitetesting2@7c214cc0]" started-at="2021-05-23T22:17:50 IST" name="DefaultTest" finished-at="2021-05-23T22:17:52 IST" duration-ms="2082" status="PASS">
          <reporter-output>
          </reporter-output>
        </test-method> <!-- DefaultTest -->
        <test-method is-config="true" signature="afterMethod()[pri:0, instance:testcases.bewakoofsitetesting2@7c214cc0]" started-at="2021-05-23T22:17:52 IST" name="afterMethod" finished-at="2021-05-23T22:17:53 IST" duration-ms="1631" status="PASS">
          <reporter-output>
          </reporter-output>
        </test-method> <!-- afterMethod -->
      </class> <!-- testcases.bewakoofsitetesting2 -->
    </test> <!-- Default test -->
  </suite> <!-- Default suite -->
</testng-results>
